2023-12-03 20:39:29,754:WARNING:Some characters could not be decoded, and were replaced with REPLACEMENT CHARACTER.
2023-12-03 20:39:35,125:WARNING:Some characters could not be decoded, and were replaced with REPLACEMENT CHARACTER.
2023-12-03 20:41:08,214:WARNING:Some characters could not be decoded, and were replaced with REPLACEMENT CHARACTER.
2023-12-03 20:41:30,106:WARNING:Some characters could not be decoded, and were replaced with REPLACEMENT CHARACTER.
2023-12-03 20:41:58,442:WARNING:Some characters could not be decoded, and were replaced with REPLACEMENT CHARACTER.
2023-12-03 20:43:24,257:ERROR:URL: https://turkishnetworktimes.com/ab-4uncu-ceyrekte-yuzde-03-buyudu/ - Hata: HTTPSConnectionPool(host='turkishnetworktimes.com', port=443): Max retries exceeded with url: /ab-4uncu-ceyrekte-yuzde-03-buyudu/ (Caused by ConnectTimeoutError(<urllib3.connection.HTTPSConnection object at 0x11a8f62a0>, 'Connection to turkishnetworktimes.com timed out. (connect timeout=100)'))
2023-12-03 20:43:54,711:WARNING:Some characters could not be decoded, and were replaced with REPLACEMENT CHARACTER.
2023-12-03 20:43:55,094:WARNING:Some characters could not be decoded, and were replaced with REPLACEMENT CHARACTER.
2023-12-03 20:45:45,899:ERROR:URL: https://turkishnetworktimes.com/bakan-uraloglu-kis-lastigi-icin-kar-yagmasini-beklemeyin/ - Hata: HTTPSConnectionPool(host='turkishnetworktimes.com', port=443): Max retries exceeded with url: /bakan-uraloglu-kis-lastigi-icin-kar-yagmasini-beklemeyin/ (Caused by ConnectTimeoutError(<urllib3.connection.HTTPSConnection object at 0x11a4db3b0>, 'Connection to turkishnetworktimes.com timed out. (connect timeout=100)'))
2023-12-03 20:58:39,553:WARNING:Some characters could not be decoded, and were replaced with REPLACEMENT CHARACTER.
2023-12-03 20:58:42,154:WARNING:Some characters could not be decoded, and were replaced with REPLACEMENT CHARACTER.
2023-12-03 20:58:48,985:ERROR:'https://turkishnetworktimes.com/bahcelievlerde-pencereye-cikip-gasbediliyorum-diyerek-yardim-istedi/' generated an exception: Invalid isoformat string: '2023-12-3'
2023-12-03 20:58:49,002:ERROR:'https://turkishnetworktimes.com/edirnede-1-haftada-308-kacak-gocmen-6-organizator-yakalandi/' generated an exception: Invalid isoformat string: '2023-12-3'
2023-12-03 20:58:49,058:ERROR:'https://turkishnetworktimes.com/msb-3-pkkli-terorist-etkisiz-hale-getirildi/' generated an exception: Invalid isoformat string: '2023-12-3'
2023-12-03 20:58:49,084:ERROR:'https://turkishnetworktimes.com/nesli-tukenme-tehlikesi-altinda-olan-mersin-baligini-yakalayip-denize-saldi/' generated an exception: Invalid isoformat string: '2023-12-3'
2023-12-03 20:58:49,125:ERROR:'https://turkishnetworktimes.com/ece-ronayin-guzellik-merkezi-kursunlandi/' generated an exception: Invalid isoformat string: '2023-12-3'
2023-12-03 20:58:49,191:ERROR:'https://turkishnetworktimes.com/tabanca-ile-oynarken-kendini-vuran-12-yasindaki-sercan-oldu/' generated an exception: Invalid isoformat string: '2023-12-3'
2023-12-03 20:58:49,201:ERROR:'https://turkishnetworktimes.com/ak-partili-baskanin-hayatini-kaybettigi-kazada-olu-sayisi-3-oldu/' generated an exception: Invalid isoformat string: '2023-12-3'
2023-12-03 20:58:49,253:ERROR:'https://turkishnetworktimes.com/otomobille-carpisan-motosikletteki-2-kisi-agir-yaralandi-kaza-ani-kamerada/' generated an exception: Invalid isoformat string: '2023-12-3'
2023-12-03 20:58:49,326:ERROR:'https://turkishnetworktimes.com/babasini-oldurup-annesini-yaralayan-sanik-icin-mahkeme-cezai-ehliyet-raporu-istedi/' generated an exception: Invalid isoformat string: '2023-12-3'
2023-12-03 20:58:49,364:ERROR:'https://turkishnetworktimes.com/marmaranin-batisi-icin-kuvvetli-yagis-uyarisi/' generated an exception: Invalid isoformat string: '2023-12-3'
2023-12-03 20:58:49,389:ERROR:'https://turkishnetworktimes.com/oglu-ve-gelininin-de-oldugu-yikilan-site-davasinda-sanik-damadindan-sikayetci-olmayan-babaya-tepki/' generated an exception: Invalid isoformat string: '2023-12-3'
2023-12-03 20:58:50,116:ERROR:'https://turkishnetworktimes.com/kacirildigi-notu-birakip-istedigi-300-bin-lira-fidyeyi-almaya-gelince-yakalandi/' generated an exception: Invalid isoformat string: '2023-12-3'
2023-12-03 20:58:50,315:ERROR:'https://turkishnetworktimes.com/gaziosmanpasada-75-yasindaki-kadinin-supheli-olumu/' generated an exception: Invalid isoformat string: '2023-12-3'
2023-12-03 20:58:50,507:ERROR:'https://turkishnetworktimes.com/cin-ve-rusyadan-kissinger-icin-taziye-mesaji/' generated an exception: Invalid isoformat string: '2023-12-3'
2023-12-03 20:58:50,535:ERROR:'https://turkishnetworktimes.com/maskeli-kadin-is-yerine-pompali-tufekle-ates-acti/' generated an exception: Invalid isoformat string: '2023-12-3'
2023-12-03 20:58:50,545:ERROR:'https://turkishnetworktimes.com/guterres-2023-insanlik-tarihinin-en-sicak-yili-oluyor/' generated an exception: Invalid isoformat string: '2023-12-3'
2023-12-03 20:58:50,599:ERROR:'https://turkishnetworktimes.com/husumetli-oldugu-muhtar-arkadasini-olduren-muhtar-tutuklandi/' generated an exception: Invalid isoformat string: '2023-12-3'
2023-12-03 20:58:50,770:ERROR:'https://turkishnetworktimes.com/sosyal-medya-hesabindan-uygunsuz-video-paylasan-kamerunlu-gozaltina-alindi/' generated an exception: Invalid isoformat string: '2023-12-3'
2023-12-03 20:58:50,833:ERROR:'https://turkishnetworktimes.com/esenyurtta-cocuguyla-yuruyen-kadina-otomobille-yanasip-tacizde-bulunan-supheli-tutuklandi/' generated an exception: Invalid isoformat string: '2023-12-3'
2023-12-03 20:58:50,859:ERROR:'https://turkishnetworktimes.com/ece-ronayin-guzellik-merkezi-kursunlandi/' generated an exception: Invalid isoformat string: '2023-12-3'
2023-12-03 20:58:50,916:ERROR:'https://turkishnetworktimes.com/bahcelievlerde-pencereye-cikip-gasbediliyorum-diyerek-yardim-istedi/' generated an exception: Invalid isoformat string: '2023-12-3'
2023-12-03 20:58:51,026:ERROR:'https://turkishnetworktimes.com/galatasaray-diagne-transferini-kapa-bildirdi/' generated an exception: Invalid isoformat string: '2019-02-4'
2023-12-03 20:58:51,036:ERROR:'https://turkishnetworktimes.com/samsunda-iki-otomobil-carpisti-1i-ak-parti-artvin-genclik-kollari-baskani-2-olu-2-yarali/' generated an exception: Invalid isoformat string: '2023-12-3'
2023-12-03 20:58:51,056:ERROR:'https://turkishnetworktimes.com/aclik-siniri-aciklandi/' generated an exception: Invalid isoformat string: '2019-02-3'
2023-12-03 20:58:51,250:ERROR:'https://turkishnetworktimes.com/bahcelievlerde-pencereye-cikip-gasbediliyorum-diyerek-yardim-istedi/' generated an exception: Invalid isoformat string: '2023-12-3'
2023-12-03 20:58:51,296:ERROR:'https://turkishnetworktimes.com/edirnede-1-haftada-308-kacak-gocmen-6-organizator-yakalandi/' generated an exception: Invalid isoformat string: '2023-12-3'
2023-12-03 20:58:51,322:ERROR:'https://turkishnetworktimes.com/ece-ronayin-guzellik-merkezi-kursunlandi/' generated an exception: Invalid isoformat string: '2023-12-3'
2023-12-03 20:58:51,437:ERROR:'https://turkishnetworktimes.com/msb-3-pkkli-terorist-etkisiz-hale-getirildi/' generated an exception: Invalid isoformat string: '2023-12-3'
2023-12-03 20:58:51,473:ERROR:'https://turkishnetworktimes.com/nesli-tukenme-tehlikesi-altinda-olan-mersin-baligini-yakalayip-denize-saldi/' generated an exception: Invalid isoformat string: '2023-12-3'
2023-12-03 20:58:51,483:ERROR:'https://turkishnetworktimes.com/ak-partili-baskanin-hayatini-kaybettigi-kazada-olu-sayisi-3-oldu/' generated an exception: Invalid isoformat string: '2023-12-3'
2023-12-03 20:58:51,540:ERROR:'https://turkishnetworktimes.com/tabanca-ile-oynarken-kendini-vuran-12-yasindaki-sercan-oldu/' generated an exception: Invalid isoformat string: '2023-12-3'
2023-12-03 20:58:51,644:ERROR:'https://turkishnetworktimes.com/babasini-oldurup-annesini-yaralayan-sanik-icin-mahkeme-cezai-ehliyet-raporu-istedi/' generated an exception: Invalid isoformat string: '2023-12-3'
2023-12-03 20:58:51,687:ERROR:'https://turkishnetworktimes.com/oglu-ve-gelininin-de-oldugu-yikilan-site-davasinda-sanik-damadindan-sikayetci-olmayan-babaya-tepki/' generated an exception: Invalid isoformat string: '2023-12-3'
2023-12-03 20:58:51,730:ERROR:'https://turkishnetworktimes.com/otomobille-carpisan-motosikletteki-2-kisi-agir-yaralandi-kaza-ani-kamerada/' generated an exception: Invalid isoformat string: '2023-12-3'
2023-12-03 20:58:51,897:ERROR:'https://turkishnetworktimes.com/ankarada-ayhan-bora-kaplanin-yegeni-ile-beraber-3-kisi-tutuklandi/' generated an exception: Invalid isoformat string: '2023-12-3'
2023-12-03 20:58:51,956:ERROR:'https://turkishnetworktimes.com/agabeyime-selam-olsun-kilici-keskin-olsun-deyip-oto-galeriye-kursun-yagdirdilar/' generated an exception: Invalid isoformat string: '2023-12-3'
2023-12-03 20:58:52,080:ERROR:'https://turkishnetworktimes.com/yuruyen-merdivenlerde-dusen-1-5-yasindaki-mert-alinin-parmaklari-koptu/' generated an exception: Invalid isoformat string: '2023-12-3'
2023-12-03 20:58:52,115:ERROR:'https://turkishnetworktimes.com/evinin-bahcesine-giren-eski-enistesini-tufekle-vurup-oldurdu/' generated an exception: Invalid isoformat string: '2023-12-3'
2023-12-03 20:58:52,702:ERROR:'https://turkishnetworktimes.com/bitlis-merkezli-9-ildeki-teror-operasyonlarinda-46-tutuklama/' generated an exception: Invalid isoformat string: '2023-12-3'
2023-12-03 20:58:52,853:ERROR:'https://turkishnetworktimes.com/ergun-atalay-yeniden-turk-is-genel-baskani-secildi/' generated an exception: Invalid isoformat string: '2023-12-3'
2023-12-03 20:58:53,003:ERROR:'https://turkishnetworktimes.com/miras-kavgasi-cinayetine-2-tutuklama/' generated an exception: Invalid isoformat string: '2023-12-2'
2023-12-03 20:58:53,134:ERROR:'https://turkishnetworktimes.com/firtinada-hasar-goren-caminin-minaresi-kontrollu-olarak-yikildi/' generated an exception: Invalid isoformat string: '2023-12-3'
2023-12-03 20:58:53,297:ERROR:'https://turkishnetworktimes.com/hava-kuvvetlerinden-kibris-adasinin-guneyinde-egitim-ucusu/' generated an exception: Invalid isoformat string: '2023-12-3'
2023-12-03 20:58:53,322:ERROR:'https://turkishnetworktimes.com/bahcelievlerde-pencereye-cikip-gasbediliyorum-diyerek-yardim-istedi/' generated an exception: Invalid isoformat string: '2023-12-3'
2023-12-03 20:58:53,519:ERROR:'https://turkishnetworktimes.com/galatasaray-diagne-transferini-kapa-bildirdi/' generated an exception: Invalid isoformat string: '2019-02-4'
2023-12-03 20:58:54,222:ERROR:'https://turkishnetworktimes.com/ece-ronayin-guzellik-merkezi-kursunlandi/' generated an exception: Invalid isoformat string: '2023-12-3'
2023-12-03 20:58:54,294:ERROR:'https://turkishnetworktimes.com/esiyle-tartisip-kendini-bicakladi/' generated an exception: Invalid isoformat string: '2023-12-3'
2023-12-03 20:58:54,510:ERROR:'https://turkishnetworktimes.com/aclik-siniri-aciklandi/' generated an exception: Invalid isoformat string: '2019-02-3'
2023-12-03 20:58:55,060:ERROR:'https://turkishnetworktimes.com/euro-bolgesinde-issizlik-degismedi/' generated an exception: Invalid isoformat string: '2019-02-2'
2023-12-03 20:58:56,727:ERROR:'https://turkishnetworktimes.com/bahcelievlerde-pencereye-cikip-gasbediliyorum-diyerek-yardim-istedi/' generated an exception: Invalid isoformat string: '2023-12-3'
2023-12-03 20:58:56,738:ERROR:'https://turkishnetworktimes.com/euro-bolgesinde-issizlik-degismedi/' generated an exception: Invalid isoformat string: '2019-02-2'
2023-12-03 20:58:56,896:ERROR:'https://turkishnetworktimes.com/msb-3-pkkli-terorist-etkisiz-hale-getirildi/' generated an exception: Invalid isoformat string: '2023-12-3'
2023-12-03 20:59:03,255:ERROR:'https://turkishnetworktimes.com/edirnede-1-haftada-308-kacak-gocmen-6-organizator-yakalandi/' generated an exception: Invalid isoformat string: '2023-12-3'
2023-12-03 20:59:10,469:ERROR:'https://turkishnetworktimes.com/ak-partili-baskanin-hayatini-kaybettigi-kazada-olu-sayisi-3-oldu/' generated an exception: Invalid isoformat string: '2023-12-3'
2023-12-03 20:59:13,795:ERROR:'https://turkishnetworktimes.com/ece-ronayin-guzellik-merkezi-kursunlandi/' generated an exception: Invalid isoformat string: '2023-12-3'
2023-12-03 20:59:15,012:ERROR:'https://turkishnetworktimes.com/babasini-oldurup-annesini-yaralayan-sanik-icin-mahkeme-cezai-ehliyet-raporu-istedi/' generated an exception: Invalid isoformat string: '2023-12-3'
2023-12-03 20:59:15,230:ERROR:'https://turkishnetworktimes.com/metruk-evde-cikan-yanginda-oldu/' generated an exception: Invalid isoformat string: '2023-12-2'
2023-12-03 20:59:15,950:ERROR:'https://turkishnetworktimes.com/nesli-tukenme-tehlikesi-altinda-olan-mersin-baligini-yakalayip-denize-saldi/' generated an exception: Invalid isoformat string: '2023-12-3'
2023-12-03 20:59:16,090:ERROR:'https://turkishnetworktimes.com/tabanca-ile-oynarken-kendini-vuran-12-yasindaki-sercan-oldu/' generated an exception: Invalid isoformat string: '2023-12-3'
2023-12-03 20:59:16,175:ERROR:'https://turkishnetworktimes.com/msb-pence-kilit-bolgesinde-2-terorist-etkisiz-hale-getirildi/' generated an exception: Invalid isoformat string: '2023-12-2'
2023-12-03 20:59:21,748:ERROR:'https://turkishnetworktimes.com/otomobille-carpisan-motosikletteki-2-kisi-agir-yaralandi-kaza-ani-kamerada/' generated an exception: Invalid isoformat string: '2023-12-3'
2023-12-03 20:59:22,483:ERROR:'https://turkishnetworktimes.com/kuryenin-vuruldugu-galeriye-saldiriya-2-tutuklama-daha/' generated an exception: Invalid isoformat string: '2023-12-2'
2023-12-03 20:59:22,690:ERROR:'https://turkishnetworktimes.com/cumartesi-annelerinin-eylemini-avrupa-parlamentosu-turkiye-raportoru-takip-etti/' generated an exception: Invalid isoformat string: '2023-12-2'
2023-12-03 20:59:22,900:ERROR:'https://turkishnetworktimes.com/3-gun-sonra-kiraladigi-evde-olu-bulunan-mehmet-cinayete-kurban-gitmis/' generated an exception: Invalid isoformat string: '2023-12-2'
2023-12-03 20:59:23,121:ERROR:'https://turkishnetworktimes.com/4u-uzman-cavus-6-kisinin-yaralandigi-kazanin-goruntuleri-ortaya-cikti/' generated an exception: Invalid isoformat string: '2023-12-2'
2023-12-03 20:59:23,389:ERROR:'https://turkishnetworktimes.com/can-gurzap-yarin-topraga-verilecek/' generated an exception: Invalid isoformat string: '2023-12-2'
2023-12-03 20:59:23,513:ERROR:'https://turkishnetworktimes.com/cips-yiyerek-hirsizlik-yapti-guvenlik-kamerasindan-yakalandi/' generated an exception: Invalid isoformat string: '2023-12-2'
2023-12-03 20:59:23,683:ERROR:'https://turkishnetworktimes.com/ece-ronayin-guzellik-merkezi-kursunlandi/' generated an exception: Invalid isoformat string: '2023-12-3'
2023-12-03 20:59:23,762:ERROR:'https://turkishnetworktimes.com/bahcelievlerde-pencereye-cikip-gasbediliyorum-diyerek-yardim-istedi/' generated an exception: Invalid isoformat string: '2023-12-3'
2023-12-03 20:59:26,873:ERROR:'https://turkishnetworktimes.com/galatasaray-diagne-transferini-kapa-bildirdi/' generated an exception: Invalid isoformat string: '2019-02-4'
2023-12-03 20:59:26,963:ERROR:'https://turkishnetworktimes.com/aclik-siniri-aciklandi/' generated an exception: Invalid isoformat string: '2019-02-3'
2023-12-03 20:59:27,269:WARNING:Some characters could not be decoded, and were replaced with REPLACEMENT CHARACTER.
2023-12-03 20:59:27,278:ERROR:'https://turkishnetworktimes.com/tartistigi-ogrenciye-filistin-salindan-rahatsiz-oldugunu-soyleyen-servis-soforune-gozalti/' generated an exception: Invalid isoformat string: '2023-12-2'
2023-12-03 20:59:27,619:ERROR:'https://turkishnetworktimes.com/ece-ronayin-guzellik-merkezi-kursunlandi/' generated an exception: Invalid isoformat string: '2023-12-3'
2023-12-03 20:59:27,764:ERROR:'https://turkishnetworktimes.com/bahcelievlerde-pencereye-cikip-gasbediliyorum-diyerek-yardim-istedi/' generated an exception: Invalid isoformat string: '2023-12-3'
2023-12-03 20:59:27,861:ERROR:'https://turkishnetworktimes.com/edirnede-1-haftada-308-kacak-gocmen-6-organizator-yakalandi/' generated an exception: Invalid isoformat string: '2023-12-3'
2023-12-03 20:59:28,051:ERROR:'https://turkishnetworktimes.com/nesli-tukenme-tehlikesi-altinda-olan-mersin-baligini-yakalayip-denize-saldi/' generated an exception: Invalid isoformat string: '2023-12-3'
2023-12-03 20:59:32,774:ERROR:'https://turkishnetworktimes.com/oglu-ve-gelininin-de-oldugu-yikilan-site-davasinda-sanik-damadindan-sikayetci-olmayan-babaya-tepki/' generated an exception: Invalid isoformat string: '2023-12-3'
2023-12-03 20:59:33,053:ERROR:'https://turkishnetworktimes.com/ak-partili-baskanin-hayatini-kaybettigi-kazada-olu-sayisi-3-oldu/' generated an exception: Invalid isoformat string: '2023-12-3'
2023-12-03 20:59:35,003:ERROR:'https://turkishnetworktimes.com/msb-3-pkkli-terorist-etkisiz-hale-getirildi/' generated an exception: Invalid isoformat string: '2023-12-3'
2023-12-03 20:59:35,251:ERROR:'https://turkishnetworktimes.com/oglu-ve-gelininin-de-oldugu-yikilan-site-davasinda-sanik-damadindan-sikayetci-olmayan-babaya-tepki/' generated an exception: Invalid isoformat string: '2023-12-3'
2023-12-03 20:59:38,329:ERROR:'https://turkishnetworktimes.com/otomobille-carpisan-motosikletteki-2-kisi-agir-yaralandi-kaza-ani-kamerada/' generated an exception: Invalid isoformat string: '2023-12-3'
2023-12-03 20:59:38,604:ERROR:'https://turkishnetworktimes.com/esenyurttaki-tekel-baskiniyla-ilgili-avukattan-carpici-iddia/' generated an exception: Invalid isoformat string: '2023-12-2'
2023-12-03 20:59:38,824:ERROR:'https://turkishnetworktimes.com/bakan-uraloglu-afet-ne-tur-olursa-olsun-biz-hicbirinde-insanimizi-yalniz-birakmadik/' generated an exception: Invalid isoformat string: '2023-12-2'
2023-12-03 20:59:38,987:ERROR:'https://turkishnetworktimes.com/binmek-istedigi-halk-otobusunun-altinda-kalan-kadin-oldu/' generated an exception: Invalid isoformat string: '2023-12-2'
2023-12-03 20:59:39,231:ERROR:'https://turkishnetworktimes.com/tabanca-ile-oynarken-kendini-vuran-12-yasindaki-sercan-oldu/' generated an exception: Invalid isoformat string: '2023-12-3'
2023-12-03 20:59:40,195:ERROR:'https://turkishnetworktimes.com/taksideki-savci-tacizi-onledi-supheliye-17-yil-hapis-talebi/' generated an exception: Invalid isoformat string: '2023-12-2'
2023-12-03 20:59:40,502:ERROR:'https://turkishnetworktimes.com/tunceli-merkezli-3-ilde-operasyon-100-milyon-liralik-vurgun-yapan-sebeke-cokertildi/' generated an exception: Invalid isoformat string: '2023-12-2'
2023-12-03 20:59:40,950:ERROR:'https://turkishnetworktimes.com/yaya-gecidinde-midibus-carpan-esra-oldu-kaza-ani-kamerada/' generated an exception: Invalid isoformat string: '2023-12-2'
2023-12-03 20:59:41,131:ERROR:'https://turkishnetworktimes.com/52-yil-kesinlesmis-hapis-cezasiyla-aranan-firari-yakalandi/' generated an exception: Invalid isoformat string: '2023-12-2'
2023-12-03 20:59:41,387:ERROR:'https://turkishnetworktimes.com/eski-sevgilisinin-tabancayla-kapisina-dayanan-supheli-serbest-kaldi/' generated an exception: Invalid isoformat string: '2023-12-2'
2023-12-03 20:59:41,596:ERROR:'https://turkishnetworktimes.com/kgmnin-bedelsiz-kamulastirmasina-aym-mulkiyet-hakki-ihlali-dedi/' generated an exception: Invalid isoformat string: '2023-12-2'
2023-12-03 20:59:41,816:ERROR:'https://turkishnetworktimes.com/ece-ronayin-guzellik-merkezi-kursunlandi/' generated an exception: Invalid isoformat string: '2023-12-3'
2023-12-03 20:59:46,131:ERROR:'https://turkishnetworktimes.com/euro-bolgesinde-issizlik-degismedi/' generated an exception: Invalid isoformat string: '2019-02-2'
2023-12-03 20:59:46,360:ERROR:'https://turkishnetworktimes.com/galatasaray-diagne-transferini-kapa-bildirdi/' generated an exception: Invalid isoformat string: '2019-02-4'
2023-12-03 20:59:46,575:ERROR:'https://turkishnetworktimes.com/aclik-siniri-aciklandi/' generated an exception: Invalid isoformat string: '2019-02-3'
2023-12-03 20:59:46,809:ERROR:'https://turkishnetworktimes.com/euro-bolgesinde-issizlik-degismedi/' generated an exception: Invalid isoformat string: '2019-02-2'
2023-12-03 20:59:50,582:ERROR:'https://turkishnetworktimes.com/msb-saldiri-hazirligindaki-6-terorist-etkisiz-hale-getirildi/' generated an exception: Invalid isoformat string: '2023-12-2'
2023-12-03 20:59:51,747:ERROR:'https://turkishnetworktimes.com/16-yasindaki-kivancin-darbedilip-oldurulmesinde-5-cocuga-hapis-istemi/' generated an exception: Invalid isoformat string: '2023-12-2'
2023-12-03 20:59:52,090:ERROR:'https://turkishnetworktimes.com/ece-ronayin-guzellik-merkezi-kursunlandi/' generated an exception: Invalid isoformat string: '2023-12-3'
2023-12-03 20:59:53,030:ERROR:'https://turkishnetworktimes.com/bahcelievlerde-pencereye-cikip-gasbediliyorum-diyerek-yardim-istedi/' generated an exception: Invalid isoformat string: '2023-12-3'
2023-12-03 20:59:53,232:ERROR:'https://turkishnetworktimes.com/edirnede-1-haftada-308-kacak-gocmen-6-organizator-yakalandi/' generated an exception: Invalid isoformat string: '2023-12-3'
2023-12-03 20:59:54,497:ERROR:'https://turkishnetworktimes.com/babasini-oldurup-annesini-yaralayan-sanik-icin-mahkeme-cezai-ehliyet-raporu-istedi/' generated an exception: Invalid isoformat string: '2023-12-3'
2023-12-03 20:59:57,485:ERROR:'https://turkishnetworktimes.com/msb-3-pkkli-terorist-etkisiz-hale-getirildi/' generated an exception: Invalid isoformat string: '2023-12-3'
2023-12-03 21:00:01,718:ERROR:'https://turkishnetworktimes.com/nesli-tukenme-tehlikesi-altinda-olan-mersin-baligini-yakalayip-denize-saldi/' generated an exception: Invalid isoformat string: '2023-12-3'
2023-12-03 21:00:03,838:ERROR:'https://turkishnetworktimes.com/bahcelievlerde-pencereye-cikip-gasbediliyorum-diyerek-yardim-istedi/' generated an exception: Invalid isoformat string: '2023-12-3'
2023-12-03 21:00:05,281:ERROR:'https://turkishnetworktimes.com/oglu-ve-gelininin-de-oldugu-yikilan-site-davasinda-sanik-damadindan-sikayetci-olmayan-babaya-tepki/' generated an exception: Invalid isoformat string: '2023-12-3'
2023-12-03 21:00:05,516:ERROR:'https://turkishnetworktimes.com/babasini-oldurup-annesini-yaralayan-sanik-icin-mahkeme-cezai-ehliyet-raporu-istedi/' generated an exception: Invalid isoformat string: '2023-12-3'
2023-12-03 21:00:05,799:ERROR:'https://turkishnetworktimes.com/barakadaki-yanginda-yasamini-yitirdi/' generated an exception: Invalid isoformat string: '2023-12-2'
2023-12-03 21:00:07,430:ERROR:'https://turkishnetworktimes.com/izmir-merkezli-5-ilde-10-milyon-liralik-dolandiricilik-yapan-suphelilere-operasyon-65-gozalti/' generated an exception: Invalid isoformat string: '2023-12-2'
2023-12-03 21:00:07,937:ERROR:'https://turkishnetworktimes.com/istanbulda-saglik-temali-liderler-zirvesi/' generated an exception: Invalid isoformat string: '2023-12-2'
2023-12-03 21:00:08,470:ERROR:'https://turkishnetworktimes.com/azerbaycanli-kadinlar-mayin-temizliyor/' generated an exception: Invalid isoformat string: '2023-12-2'
2023-12-03 21:00:08,740:ERROR:'https://turkishnetworktimes.com/tabanca-ile-oynarken-kendini-vuran-12-yasindaki-sercan-oldu/' generated an exception: Invalid isoformat string: '2023-12-3'
2023-12-03 21:00:09,328:ERROR:'https://turkishnetworktimes.com/ankarada-taksiciyi-dovup-gasbeden-supheli-yakalandi/' generated an exception: Invalid isoformat string: '2023-12-2'
2023-12-03 21:00:16,544:ERROR:'https://turkishnetworktimes.com/izmitte-otomobil-ile-belediye-otobusu-carpisti-1-olu-2-yarali/' generated an exception: Invalid isoformat string: '2023-12-2'
2023-12-03 21:00:16,762:ERROR:'https://turkishnetworktimes.com/bakan-yerlikaya-kahramanlar-operasyonlarinda-88-supheli-gozaltina-alindi/' generated an exception: Invalid isoformat string: '2023-12-2'
2023-12-03 21:00:18,674:ERROR:'https://turkishnetworktimes.com/pentagondan-kuzey-koreye-yanit-internette-beyaz-saray-ve-pentagonun-bircok-fotografi-var/' generated an exception: Invalid isoformat string: '2023-12-2'
2023-12-03 21:00:18,931:ERROR:'https://turkishnetworktimes.com/ece-ronayin-guzellik-merkezi-kursunlandi/' generated an exception: Invalid isoformat string: '2023-12-3'
2023-12-03 21:00:19,202:ERROR:'https://turkishnetworktimes.com/bahcelievlerde-pencereye-cikip-gasbediliyorum-diyerek-yardim-istedi/' generated an exception: Invalid isoformat string: '2023-12-3'
2023-12-03 21:00:19,394:ERROR:'https://turkishnetworktimes.com/eski-denizlispor-baskani-yol-verme-kavgasinda-bicaklandi/' generated an exception: Invalid isoformat string: '2023-12-2'
2023-12-03 21:00:20,600:ERROR:'https://turkishnetworktimes.com/aclik-siniri-aciklandi/' generated an exception: Invalid isoformat string: '2019-02-3'
2023-12-03 21:00:20,799:ERROR:'https://turkishnetworktimes.com/euro-bolgesinde-issizlik-degismedi/' generated an exception: Invalid isoformat string: '2019-02-2'
2023-12-03 21:00:20,958:ERROR:'https://turkishnetworktimes.com/ak-partili-baskanin-hayatini-kaybettigi-kazada-olu-sayisi-3-oldu/' generated an exception: Invalid isoformat string: '2023-12-3'
2023-12-03 21:00:21,222:ERROR:'https://turkishnetworktimes.com/otomobille-carpisan-motosikletteki-2-kisi-agir-yaralandi-kaza-ani-kamerada/' generated an exception: Invalid isoformat string: '2023-12-3'
2023-12-03 21:00:28,083:ERROR:'https://turkishnetworktimes.com/maltepede-kahve-makineleri-uretimi-yapilan-is-yerinde-yangin/' generated an exception: Invalid isoformat string: '2023-12-2'
2023-12-03 21:00:28,195:ERROR:'https://turkishnetworktimes.com/bahcelievlerde-pencereye-cikip-gasbediliyorum-diyerek-yardim-istedi/' generated an exception: Invalid isoformat string: '2023-12-3'
2023-12-03 21:00:28,451:ERROR:'https://turkishnetworktimes.com/ece-ronayin-guzellik-merkezi-kursunlandi/' generated an exception: Invalid isoformat string: '2023-12-3'
2023-12-03 21:00:28,800:ERROR:'https://turkishnetworktimes.com/nesli-tukenme-tehlikesi-altinda-olan-mersin-baligini-yakalayip-denize-saldi/' generated an exception: Invalid isoformat string: '2023-12-3'
2023-12-03 21:00:30,416:ERROR:'https://turkishnetworktimes.com/galatasaray-diagne-transferini-kapa-bildirdi/' generated an exception: Invalid isoformat string: '2019-02-4'
2023-12-03 21:00:30,649:ERROR:'https://turkishnetworktimes.com/ak-partili-baskanin-hayatini-kaybettigi-kazada-olu-sayisi-3-oldu/' generated an exception: Invalid isoformat string: '2023-12-3'
2023-12-03 21:00:30,874:ERROR:'https://turkishnetworktimes.com/otomobille-carpisan-motosikletteki-2-kisi-agir-yaralandi-kaza-ani-kamerada/' generated an exception: Invalid isoformat string: '2023-12-3'
2023-12-03 21:00:39,398:ERROR:'https://turkishnetworktimes.com/msb-3-pkkli-terorist-etkisiz-hale-getirildi/' generated an exception: Invalid isoformat string: '2023-12-3'
2023-12-03 21:00:40,003:ERROR:'https://turkishnetworktimes.com/tabanca-ile-oynarken-kendini-vuran-12-yasindaki-sercan-oldu/' generated an exception: Invalid isoformat string: '2023-12-3'
2023-12-03 21:00:40,310:ERROR:'https://turkishnetworktimes.com/secil-erzan-olayinda-denizbank-yetkilileri-hakkinda-suc-duyurusu/' generated an exception: Invalid isoformat string: '2023-12-2'
2023-12-03 21:00:40,461:ERROR:'https://turkishnetworktimes.com/odun-toplamaya-gittigi-sahilde-kaybolan-kadini-arama-calismalarinda-6nci-gun/' generated an exception: Invalid isoformat string: '2023-12-2'
2023-12-03 21:00:42,105:ERROR:'https://turkishnetworktimes.com/oglu-ve-gelininin-de-oldugu-yikilan-site-davasinda-sanik-damadindan-sikayetci-olmayan-babaya-tepki/' generated an exception: Invalid isoformat string: '2023-12-3'
2023-12-03 21:00:43,405:ERROR:'https://turkishnetworktimes.com/babasini-oldurup-annesini-yaralayan-sanik-icin-mahkeme-cezai-ehliyet-raporu-istedi/' generated an exception: Invalid isoformat string: '2023-12-3'
2023-12-03 21:00:47,252:ERROR:'https://turkishnetworktimes.com/edirnede-1-haftada-308-kacak-gocmen-6-organizator-yakalandi/' generated an exception: Invalid isoformat string: '2023-12-3'
2023-12-03 21:00:50,612:ERROR:'https://turkishnetworktimes.com/sislide-yolda-borclusunu-gorunce-otomobilinin-uzerine-atladi/' generated an exception: Invalid isoformat string: '2023-12-2'
2023-12-03 21:00:50,658:ERROR:'https://turkishnetworktimes.com/hirsizlik-suphelisi-saklandigi-dolapta-yakalandi/' generated an exception: Invalid isoformat string: '2023-12-2'
2023-12-03 21:00:50,990:ERROR:'https://turkishnetworktimes.com/polisi-alarma-geciren-ihbarda-tabancalar-oyuncak-cikti/' generated an exception: Invalid isoformat string: '2023-12-2'
2023-12-03 21:00:51,680:ERROR:'https://turkishnetworktimes.com/maltepede-motosikletli-2-kisiden-taksi-duragina-kursun-yagmuru/' generated an exception: Invalid isoformat string: '2023-12-2'
2023-12-03 21:00:51,901:ERROR:'https://turkishnetworktimes.com/ece-ronayin-guzellik-merkezi-kursunlandi/' generated an exception: Invalid isoformat string: '2023-12-3'
2023-12-03 21:01:02,256:ERROR:'https://turkishnetworktimes.com/muhtar-husumetli-oldugu-muhtari-ve-yanindaki-esnafi-tabancayla-agir-yaraladi/' generated an exception: Invalid isoformat string: '2023-12-2'
2023-12-03 21:01:03,121:ERROR:'https://turkishnetworktimes.com/bahcelievlerde-pencereye-cikip-gasbediliyorum-diyerek-yardim-istedi/' generated an exception: Invalid isoformat string: '2023-12-3'
2023-12-03 21:01:03,312:ERROR:'https://turkishnetworktimes.com/aclik-siniri-aciklandi/' generated an exception: Invalid isoformat string: '2019-02-3'
2023-12-03 21:01:06,565:ERROR:'https://turkishnetworktimes.com/japonya-savunma-bakanligi-dusen-abd-askeri-ucagina-iliskin-detaylari-paylasti/' generated an exception: Invalid isoformat string: '2023-12-2'
2023-12-03 21:01:09,900:ERROR:'https://turkishnetworktimes.com/polise-mukavemette-bulunan-surucuye-vatandaslar-tepki-gosterince-arbede-cikti-valilik-aciklama-yapti/' generated an exception: Invalid isoformat string: '2023-12-2'
2023-12-03 21:01:13,488:ERROR:'https://turkishnetworktimes.com/galatasaray-diagne-transferini-kapa-bildirdi/' generated an exception: Invalid isoformat string: '2019-02-4'
2023-12-03 21:01:14,344:ERROR:'https://turkishnetworktimes.com/bahcelievlerde-pencereye-cikip-gasbediliyorum-diyerek-yardim-istedi/' generated an exception: Invalid isoformat string: '2023-12-3'
2023-12-03 21:01:14,531:ERROR:'https://turkishnetworktimes.com/euro-bolgesinde-issizlik-degismedi/' generated an exception: Invalid isoformat string: '2019-02-2'
2023-12-03 21:01:14,779:ERROR:'https://turkishnetworktimes.com/msb-3-pkkli-terorist-etkisiz-hale-getirildi/' generated an exception: Invalid isoformat string: '2023-12-3'
2023-12-03 21:01:14,945:ERROR:'https://turkishnetworktimes.com/nesli-tukenme-tehlikesi-altinda-olan-mersin-baligini-yakalayip-denize-saldi/' generated an exception: Invalid isoformat string: '2023-12-3'
2023-12-03 21:01:15,126:ERROR:'https://turkishnetworktimes.com/tabanca-ile-oynarken-kendini-vuran-12-yasindaki-sercan-oldu/' generated an exception: Invalid isoformat string: '2023-12-3'
2023-12-03 21:01:25,905:ERROR:'https://turkishnetworktimes.com/edirnede-1-haftada-308-kacak-gocmen-6-organizator-yakalandi/' generated an exception: Invalid isoformat string: '2023-12-3'
2023-12-03 21:01:26,129:ERROR:'https://turkishnetworktimes.com/otomobille-carpisan-motosikletteki-2-kisi-agir-yaralandi-kaza-ani-kamerada/' generated an exception: Invalid isoformat string: '2023-12-3'
2023-12-03 21:01:26,220:ERROR:'https://turkishnetworktimes.com/oglu-ve-gelininin-de-oldugu-yikilan-site-davasinda-sanik-damadindan-sikayetci-olmayan-babaya-tepki/' generated an exception: Invalid isoformat string: '2023-12-3'
2023-12-03 21:01:26,341:ERROR:'https://turkishnetworktimes.com/babasini-oldurup-annesini-yaralayan-sanik-icin-mahkeme-cezai-ehliyet-raporu-istedi/' generated an exception: Invalid isoformat string: '2023-12-3'
2023-12-03 21:01:26,437:ERROR:'https://turkishnetworktimes.com/kadikoyde-ust-gecitten-dusen-vatandasi-suruculer-kurtardi/' generated an exception: Invalid isoformat string: '2023-12-2'
2023-12-03 21:01:32,764:ERROR:'https://turkishnetworktimes.com/ece-ronayin-guzellik-merkezi-kursunlandi/' generated an exception: Invalid isoformat string: '2023-12-3'
2023-12-03 21:01:37,534:ERROR:'https://turkishnetworktimes.com/bursada-49-firari-hukumlu-yakalandi/' generated an exception: Invalid isoformat string: '2023-12-2'
2023-12-03 21:01:37,658:ERROR:'https://turkishnetworktimes.com/otomobil-yakit-dolumu-sirasinda-alev-aldi-baba-kiz-son-anda-kurtuldu-yangin-kamerada/' generated an exception: Invalid isoformat string: '2023-12-2'
2023-12-03 21:01:37,820:ERROR:'https://turkishnetworktimes.com/televizyon-hirsizligi-kamerada/' generated an exception: Invalid isoformat string: '2023-12-2'
2023-12-03 21:01:37,989:ERROR:'https://turkishnetworktimes.com/alibeykoy-barajinda-kadinin-olumu/' generated an exception: Invalid isoformat string: '2023-12-2'
2023-12-03 21:01:48,928:ERROR:'https://turkishnetworktimes.com/mihracenin-oldugu-kazada-iddianame-kabul-edildi-bilirkisi-raporunda-surucu-tali-kusurlu-denildi/' generated an exception: Invalid isoformat string: '2023-12-2'
2023-12-03 21:01:49,840:ERROR:'https://turkishnetworktimes.com/diyarbakirda-cocuklarin-kavgasina-aileleri-de-karisti-12-yarali/' generated an exception: Invalid isoformat string: '2023-12-2'
2023-12-03 21:01:50,107:ERROR:'https://turkishnetworktimes.com/narkoguc-38-operasyonu-tamamlandi-65-ton-uyusturucu-ele-gecirildi-391-supheli-yakalandi/' generated an exception: Invalid isoformat string: '2023-12-2'
2023-12-03 21:01:50,898:ERROR:'https://turkishnetworktimes.com/ece-ronayin-guzellik-merkezi-kursunlandi/' generated an exception: Invalid isoformat string: '2023-12-3'
2023-12-03 21:01:57,108:ERROR:URL: https://turkishnetworktimes.com/eyupsultanda-uyusturucu-serasina-cevrilen-villaya-baskin/ - Hata: HTTPSConnectionPool(host='turkishnetworktimes.com', port=443): Max retries exceeded with url: /eyupsultanda-uyusturucu-serasina-cevrilen-villaya-baskin/ (Caused by ConnectTimeoutError(<urllib3.connection.HTTPSConnection object at 0x17a6879b0>, 'Connection to turkishnetworktimes.com timed out. (connect timeout=100)'))
2023-12-03 21:05:21,781:WARNING:Some characters could not be decoded, and were replaced with REPLACEMENT CHARACTER.
2023-12-03 21:05:24,805:WARNING:Some characters could not be decoded, and were replaced with REPLACEMENT CHARACTER.
2023-12-03 21:05:42,977:WARNING:Some characters could not be decoded, and were replaced with REPLACEMENT CHARACTER.
2023-12-03 21:07:20,087:WARNING:Some characters could not be decoded, and were replaced with REPLACEMENT CHARACTER.
2023-12-03 21:07:56,181:WARNING:Some characters could not be decoded, and were replaced with REPLACEMENT CHARACTER.
2023-12-03 21:09:07,979:WARNING:Some characters could not be decoded, and were replaced with REPLACEMENT CHARACTER.
2023-12-03 21:09:11,769:WARNING:Some characters could not be decoded, and were replaced with REPLACEMENT CHARACTER.
